app/build/intermediates/manifest_merge_blame_file/debug/manifest-merger-blame-debug-report.txt
1<?xml version="1.0" encoding="utf-8"?>
2<manifest xmlns:android="http://schemas.android.com/apk/res/android"
3    package="com.example.durnkblerg"
4    android:versionCode="1"
5    android:versionName="1.0" >
6
7    <uses-sdk
8        android:minSdkVersion="15"
8-->src\main\AndroidManifest.xml
9        android:targetSdkVersion="28" />
9-->src\main\AndroidManifest.xml
10
11    <uses-permission android:name="com.android.alarm.permission.SET_ALARM" />
11-->src\main\AndroidManifest.xml:5:5-77
11-->src\main\AndroidManifest.xml:5:22-75
12
13    <application
13-->src\main\AndroidManifest.xml:7:5-38:19
14        android:allowBackup="true"
14-->src\main\AndroidManifest.xml:8:9-35
15        android:appComponentFactory="androidx.core.app.CoreComponentFactory"
15-->[androidx.core:core:1.1.0] AndroidManifest.xml:24:18-86
16        android:debuggable="true"
17        android:icon="@mipmap/ic_launcher"
17-->src\main\AndroidManifest.xml:9:9-43
18        android:label="@string/app_name"
18-->src\main\AndroidManifest.xml:10:9-41
19        android:roundIcon="@mipmap/ic_launcher_round"
19-->src\main\AndroidManifest.xml:11:9-54
20        android:supportsRtl="true"
20-->src\main\AndroidManifest.xml:12:9-35
21        android:testOnly="true"
22        android:theme="@style/AppTheme" >
22-->src\main\AndroidManifest.xml:13:9-40
23        <activity android:name="com.example.durnkblerg.LoginActivity" />
23-->src\main\AndroidManifest.xml:14:9-60
23-->src\main\AndroidManifest.xml:14:19-48
24        <activity android:name="com.example.durnkblerg.BlockActivity" />
24-->src\main\AndroidManifest.xml:15:9-51
24-->src\main\AndroidManifest.xml:15:19-48
25        <activity android:name="com.example.durnkblerg.Game" />
25-->src\main\AndroidManifest.xml:16:9-42
25-->src\main\AndroidManifest.xml:16:19-39
26        <activity android:name="com.example.durnkblerg.MainActivity" >
26-->src\main\AndroidManifest.xml:17:9-23:20
26-->src\main\AndroidManifest.xml:17:19-47
27            <intent-filter>
27-->src\main\AndroidManifest.xml:18:13-22:29
28                <action android:name="android.intent.action.MAIN" />
28-->src\main\AndroidManifest.xml:19:17-69
28-->src\main\AndroidManifest.xml:19:25-66
29
30                <category android:name="android.intent.category.LAUNCHER" />
30-->src\main\AndroidManifest.xml:21:17-77
30-->src\main\AndroidManifest.xml:21:27-74
31            </intent-filter>
32        </activity>
33
34        <receiver
34-->src\main\AndroidManifest.xml:25:9-36:20
35            android:name="com.example.durnkblerg.Controller"
35-->src\main\AndroidManifest.xml:25:19-45
36            android:description="@string/app_description"
36-->src\main\AndroidManifest.xml:26:13-58
37            android:label="@string/app_name"
37-->src\main\AndroidManifest.xml:27:13-45
38            android:permission="android.permission.BIND_DEVICE_ADMIN" >
38-->src\main\AndroidManifest.xml:28:13-70
39            <meta-data
39-->src\main\AndroidManifest.xml:29:13-31:55
40                android:name="android.app.device_admin"
40-->src\main\AndroidManifest.xml:30:17-56
41                android:resource="@xml/device_admin" />
41-->src\main\AndroidManifest.xml:31:17-53
42
43            <intent-filter>
43-->src\main\AndroidManifest.xml:32:17-34:33
44                <action android:name="android.app.action.DEVICE_ADMIN_ENABLED" />
44-->src\main\AndroidManifest.xml:33:20-84
44-->src\main\AndroidManifest.xml:33:28-82
45            </intent-filter>
46        </receiver>
47    </application>
48
49</manifest>